Start testing: Dec 31 13:21 PST
----------------------------------------------------------
1/2 Testing: AllTests
1/2 Test: AllTests
Command: "/home/zhoulingyan/Documents/Programming Test/Design/[Lintcode] 208. Assignment Operator Overloading (C++ Only) /test208/build/test-src/lintcode_test208_test"
Directory: /home/zhoulingyan/Documents/Programming Test/Design/[Lintcode] 208. Assignment Operator Overloading (C++ Only) /test208/build
"AllTests" start time: Dec 31 13:21 PST
Output:
----------------------------------------------------------
[==========] Running 4 tests from 1 test case.
[----------] Global test environment set-up.
[----------] 4 tests from SolutionTest
[ RUN      ] SolutionTest.NoOp
[       OK ] SolutionTest.NoOp (1 ms)
[ RUN      ] SolutionTest.NewOnly
[       OK ] SolutionTest.NewOnly (0 ms)
[ RUN      ] SolutionTest.DeleteOnly
[       OK ] SolutionTest.DeleteOnly (0 ms)
[ RUN      ] SolutionTest.DeleteThenNew
[       OK ] SolutionTest.DeleteThenNew (0 ms)
[----------] 4 tests from SolutionTest (1 ms total)

[----------] Global test environment tear-down
[==========] 4 tests from 1 test case ran. (1 ms total)
[  PASSED  ] 4 tests.
<end of output>
Test time =   0.00 sec
----------------------------------------------------------
Test Passed.
"AllTests" end time: Dec 31 13:21 PST
"AllTests" time elapsed: 00:00:00
----------------------------------------------------------

2/2 Testing: AllTests
2/2 Test: AllTests
Command: "/home/zhoulingyan/Documents/Programming Test/Design/[Lintcode] 208. Assignment Operator Overloading (C++ Only) /test208/build/test-src/lintcode_test208_test"
Directory: /home/zhoulingyan/Documents/Programming Test/Design/[Lintcode] 208. Assignment Operator Overloading (C++ Only) /test208/build/test-src
"AllTests" start time: Dec 31 13:21 PST
Output:
----------------------------------------------------------
[==========] Running 4 tests from 1 test case.
[----------] Global test environment set-up.
[----------] 4 tests from SolutionTest
[ RUN      ] SolutionTest.NoOp
[       OK ] SolutionTest.NoOp (0 ms)
[ RUN      ] SolutionTest.NewOnly
[       OK ] SolutionTest.NewOnly (0 ms)
[ RUN      ] SolutionTest.DeleteOnly
[       OK ] SolutionTest.DeleteOnly (0 ms)
[ RUN      ] SolutionTest.DeleteThenNew
[       OK ] SolutionTest.DeleteThenNew (0 ms)
[----------] 4 tests from SolutionTest (0 ms total)

[----------] Global test environment tear-down
[==========] 4 tests from 1 test case ran. (0 ms total)
[  PASSED  ] 4 tests.
<end of output>
Test time =   0.00 sec
----------------------------------------------------------
Test Passed.
"AllTests" end time: Dec 31 13:21 PST
"AllTests" time elapsed: 00:00:00
----------------------------------------------------------

End testing: Dec 31 13:21 PST
